{"/Users/maurojimenez/Documents/GIT-HUB/SCL014-card-validation/src/validator.js": {"path":"/Users/maurojimenez/Documents/GIT-HUB/SCL014-card-validation/src/validator.js","statementMap":{"0":{"start":{"line":1,"column":18},"end":{"line":67,"column":1}},"1":{"start":{"line":4,"column":35},"end":{"line":4,"column":61}},"2":{"start":{"line":8,"column":23},"end":{"line":10,"column":5}},"3":{"start":{"line":9,"column":24},"end":{"line":9,"column":40}},"4":{"start":{"line":14,"column":33},"end":{"line":14,"column":65}},"5":{"start":{"line":14,"column":56},"end":{"line":14,"column":64}},"6":{"start":{"line":17,"column":36},"end":{"line":19,"column":5}},"7":{"start":{"line":18,"column":14},"end":{"line":18,"column":23}},"8":{"start":{"line":22,"column":36},"end":{"line":24,"column":5}},"9":{"start":{"line":23,"column":18},"end":{"line":23,"column":32}},"10":{"start":{"line":27,"column":34},"end":{"line":27,"column":79}},"11":{"start":{"line":27,"column":70},"end":{"line":27,"column":78}},"12":{"start":{"line":30,"column":24},"end":{"line":30,"column":77}},"13":{"start":{"line":34,"column":26},"end":{"line":36,"column":5}},"14":{"start":{"line":35,"column":24},"end":{"line":35,"column":40}},"15":{"start":{"line":40,"column":26},"end":{"line":40,"column":61}},"16":{"start":{"line":40,"column":52},"end":{"line":40,"column":60}},"17":{"start":{"line":43,"column":33},"end":{"line":43,"column":66}},"18":{"start":{"line":47,"column":23},"end":{"line":49,"column":5}},"19":{"start":{"line":48,"column":38},"end":{"line":48,"column":65}},"20":{"start":{"line":53,"column":4},"end":{"line":57,"column":5}},"21":{"start":{"line":54,"column":6},"end":{"line":54,"column":18}},"22":{"start":{"line":56,"column":6},"end":{"line":56,"column":19}},"23":{"start":{"line":64,"column":15},"end":{"line":64,"column":60}},"24":{"start":{"line":65,"column":2},"end":{"line":65,"column":17}}},"fnMap":{"0":{"name":"(anonymous_0)","decl":{"start":{"line":2,"column":11},"end":{"line":2,"column":12}},"loc":{"start":{"line":2,"column":31},"end":{"line":58,"column":3}},"line":2},"1":{"name":"(anonymous_1)","decl":{"start":{"line":9,"column":6},"end":{"line":9,"column":7}},"loc":{"start":{"line":9,"column":24},"end":{"line":9,"column":40}},"line":9},"2":{"name":"(anonymous_2)","decl":{"start":{"line":14,"column":48},"end":{"line":14,"column":49}},"loc":{"start":{"line":14,"column":56},"end":{"line":14,"column":64}},"line":14},"3":{"name":"(anonymous_3)","decl":{"start":{"line":18,"column":6},"end":{"line":18,"column":7}},"loc":{"start":{"line":18,"column":14},"end":{"line":18,"column":23}},"line":18},"4":{"name":"(anonymous_4)","decl":{"start":{"line":23,"column":6},"end":{"line":23,"column":7}},"loc":{"start":{"line":23,"column":18},"end":{"line":23,"column":32}},"line":23},"5":{"name":"(anonymous_5)","decl":{"start":{"line":27,"column":62},"end":{"line":27,"column":63}},"loc":{"start":{"line":27,"column":70},"end":{"line":27,"column":78}},"line":27},"6":{"name":"(anonymous_6)","decl":{"start":{"line":35,"column":6},"end":{"line":35,"column":7}},"loc":{"start":{"line":35,"column":24},"end":{"line":35,"column":40}},"line":35},"7":{"name":"(anonymous_7)","decl":{"start":{"line":40,"column":44},"end":{"line":40,"column":45}},"loc":{"start":{"line":40,"column":52},"end":{"line":40,"column":60}},"line":40},"8":{"name":"(anonymous_8)","decl":{"start":{"line":48,"column":6},"end":{"line":48,"column":7}},"loc":{"start":{"line":48,"column":38},"end":{"line":48,"column":65}},"line":48},"9":{"name":"(anonymous_9)","decl":{"start":{"line":61,"column":11},"end":{"line":61,"column":12}},"loc":{"start":{"line":61,"column":31},"end":{"line":66,"column":1}},"line":61}},"branchMap":{"0":{"loc":{"start":{"line":53,"column":4},"end":{"line":57,"column":5}},"type":"if","locations":[{"start":{"line":53,"column":4},"end":{"line":57,"column":5}},{"start":{"line":53,"column":4},"end":{"line":57,"column":5}}],"line":53}},"s":{"0":1,"1":2,"2":2,"3":32,"4":2,"5":16,"6":2,"7":16,"8":2,"9":16,"10":2,"11":6,"12":2,"13":2,"14":32,"15":2,"16":16,"17":2,"18":2,"19":30,"20":2,"21":1,"22":1,"23":1,"24":1},"f":{"0":2,"1":32,"2":16,"3":16,"4":16,"5":6,"6":32,"7":16,"8":30,"9":1},"b":{"0":[1,1]},"_coverageSchema":"43e27e138ebf9cfc5966b082cf9a028302ed4184","hash":"30ef657134d6419d7cd1c13c9cf43d79b638d495"}
}
