TN:
SF:/Users/maurojimenez/Documents/GIT-HUB/SCL014-card-validation/src/validator.js
FN:2,(anonymous_0)
FN:9,(anonymous_1)
FN:14,(anonymous_2)
FN:18,(anonymous_3)
FN:23,(anonymous_4)
FN:27,(anonymous_5)
FN:35,(anonymous_6)
FN:40,(anonymous_7)
FN:48,(anonymous_8)
FN:61,(anonymous_9)
FNF:10
FNH:10
FNDA:2,(anonymous_0)
FNDA:32,(anonymous_1)
FNDA:16,(anonymous_2)
FNDA:16,(anonymous_3)
FNDA:16,(anonymous_4)
FNDA:6,(anonymous_5)
FNDA:32,(anonymous_6)
FNDA:16,(anonymous_7)
FNDA:30,(anonymous_8)
FNDA:1,(anonymous_9)
DA:1,1
DA:4,2
DA:8,2
DA:9,32
DA:14,16
DA:17,2
DA:18,16
DA:22,2
DA:23,16
DA:27,6
DA:30,2
DA:34,2
DA:35,32
DA:40,16
DA:43,2
DA:47,2
DA:48,30
DA:53,2
DA:54,1
DA:56,1
DA:64,1
DA:65,1
LF:22
LH:22
BRDA:53,0,0,1
BRDA:53,0,1,1
BRF:2
BRH:2
end_of_record
